<?xml version="1.0" encoding="UTF-8"?>
<testsuite name="guru.qa.AttachmentsSteps" tests="2" skipped="0" failures="0" errors="0" timestamp="2025-01-08T14:03:29" hostname="anastasiyas-MacBook-Pro.local" time="4.806">
  <properties/>
  <testcase name="testLambdaAttachments()" classname="guru.qa.AttachmentsSteps" time="4.238"/>
  <testcase name="testAnnotatedAttachments()" classname="guru.qa.AttachmentsSteps" time="0.562"/>
  <system-out><![CDATA[]]></system-out>
  <system-err><![CDATA[[Test worker] INFO com.codeborne.selenide.impl.WebDriverThreadLocalContainer - No webdriver is bound to current thread: 1 - let's create a new webdriver
[Test worker] INFO com.codeborne.selenide.impl.FileHelper - Creating folder: /Users/anastasiya/IdeaProjects/qa_guru_allure_report_lesson_10/build/downloads/1736345009270_3226_1
[Test worker] INFO com.codeborne.selenide.webdriver.SelenideNettyClientFactory - Changed readTimeout from PT3M to PT1M30S
[Test worker] INFO com.codeborne.selenide.webdriver.SelenideNettyClientFactory - Changed readTimeout from PT3M to PT1M30S
Jan 08, 2025 5:03:31 PM org.openqa.selenium.devtools.CdpVersionFinder findNearestMatch
WARNING: Unable to find CDP implementation matching 131
Jan 08, 2025 5:03:31 PM org.openqa.selenium.chromium.ChromiumDriver lambda$new$5
WARNING: Unable to find version of CDP to use for 131.0.6778.265. You may need to include a dependency on a specific version of the CDP using something similar to `org.seleniumhq.selenium:selenium-devtools-v86:4.13.0` where the version ("v86") matches the version of the chromium-based browser you're using and the version number of the artifact is the same as Selenium's.
[Test worker] INFO com.codeborne.selenide.webdriver.WebDriverFactory - BrowserName=chrome Version=131.0.6778.265 Platform=mac
[Test worker] INFO com.codeborne.selenide.webdriver.WebDriverFactory - Selenide v. 6.19.1
[Test worker] INFO com.codeborne.selenide.webdriver.WebDriverFactory - Selenium WebDriver v. 4.13.0 build revision: ba948ece5b*
[Test worker] INFO com.codeborne.selenide.drivercommands.CreateDriverCommand - Created webdriver in thread 1: ChromeDriver -> ChromeDriver: chrome on mac (e9bd4e32bf91c49da1be79cfdf201159)
[Test worker] INFO com.codeborne.selenide.drivercommands.DisposablesRegistry - Register WebDriverInstance[config=StaticConfig,webDriver=ChromeDriver: chrome on mac (e9bd4e32bf91c49da1be79cfdf201159),proxy=null,downloadsFolder=/Users/anastasiya/IdeaProjects/qa_guru_allure_report_lesson_10/build/downloads/1736345009270_3226_1] in 1 [size=1]
[Test worker] INFO com.codeborne.selenide.drivercommands.DisposablesRegistry - Add shutdown hook in 1 [size=1]
]]></system-err>
</testsuite>
